<?xml version="1.0" encoding="UTF-8"?>
<!-- Generated by org.testng.reporters.JUnitReportReporter -->
<testsuite hostname="Ravi-PC" failures="0" tests="1" name="testcases.T03_userRegRunner" time="15.974" errors="0" timestamp="29 Nov 2021 06:12:24 GMT" skipped="0">
  <testcase classname="testcases.T03_userRegRunner" name="userRegValidation" time="15.974"/>
</testsuite> <!-- testcases.T03_userRegRunner -->
